<?xml version="1.0" encoding="UTF-8"?>
<testsuite xmlns:xsi="http://www.w3.org/2001/XMLSchema-instance" xsi:noNamespaceSchemaLocation="https://maven.apache.org/surefire/maven-surefire-plugin/xsd/surefire-test-report-3.0.xsd" version="3.0" name="tn.iteam.authservice.service.AuthServiceTest" time="3.895" tests="4" errors="0" skipped="0" failures="0">
  <properties>
[...]
</properties>
  <testcase name="loginReturnsTokenResponseOnSuccess" classname="tn.iteam.authservice.service.AuthServiceTest" time="3.658"/>
  <testcase name="refreshReturnsNewTokenOnSuccess" classname="tn.iteam.authservice.service.AuthServiceTest" time="0.006"/>
  <testcase name="registerThrowsUserAlreadyExistsWhenUsernameExists" classname="tn.iteam.authservice.service.AuthServiceTest" time="0.031"/>
  <testcase name="loginThrowsAuthenticationExceptionOnUnauthorized" classname="tn.iteam.authservice.service.AuthServiceTest" time="0.116"/>
</testsuite>